
> Configure project :shared
w: The following Kotlin/Native targets cannot be built on this machine and are disabled:
iosArm64, iosSimulatorArm64, iosX64
To hide this message, add 'kotlin.native.ignoreDisabledTargets=true' to the Gradle properties.


w: The Default Kotlin Hierarchy Template was not applied to 'project ':shared'':
Explicit .dependsOn() edges were configured for the following source sets:
[iosArm64Main, iosMain, iosSimulatorArm64Main, iosX64Main]

Consider removing dependsOn-calls or disabling the default template by adding
    'kotlin.mpp.applyDefaultHierarchyTemplate=false'
to your gradle.properties
Please remove the dependsOn-calls or disable the default template.
Learn more about hierarchy templates: https://kotl.in/hierarchy-template



FAILURE: Build failed with an exception.

* What went wrong:
Cannot locate tasks that match ':desktopApp:compileKotlinDesktop' as task 'compileKotlinDesktop' not found in project ':desktopApp'.

* Try:
> Run gradlew tasks to get a list of available tasks.
> For more on name expansion, please refer to https://docs.gradle.org/8.7/userguide/command_line_interface.html#sec:name_abbreviation in the Gradle documentation.
> Run with --stacktrace option to get the stack trace.
> Run with --info or --debug option to get more log output.
> Run with --scan to get full insights.
> Get more help at https://help.gradle.org.

Deprecated Gradle features were used in this build, making it incompatible with Gradle 9.0.

You can use '--warning-mode all' to show the individual deprecation warnings and determine if they come from your own scripts or plugins.

For more on this, please refer to https://docs.gradle.org/8.7/userguide/command_line_interface.html#sec:command_line_warnings in the Gradle documentation.

BUILD FAILED in 1s
